<?xml version="1.0" encoding="UTF-8"?>
<!-- Generated by org.testng.reporters.JUnitReportReporter -->
<testsuite skipped="0" hostname="praveen-Latitude-3490" name="testNG.setUp" tests="1" failures="0" timestamp="2019-11-13T16:52:32 IST" time="3.354" errors="0">
  <testcase name="operation" time="3.354" classname="testNG.setUp"/>
</testsuite> <!-- testNG.setUp -->
