<?xml version="1.0" encoding="UTF-8"?>
<!-- Generated by org.testng.reporters.JUnitReportReporter -->
<testsuite skipped="0" hostname="praveen-lenovo" name="runners.TestRunner" tests="1" failures="0" timestamp="2020-02-06T14:39:35 IST" time="230.528" errors="0">
  <testcase name="feature" time="230.528" classname="runners.TestRunner"/>
</testsuite> <!-- runners.TestRunner -->
